Time resolution is 1 ps
sennal, desde ff pc a=a         0
la sennal es: a=a         0
la sennal es: a=a         Z
la sennal es: a=a         0
sennal, desde ff pc a=a         4
sennal, desde ff pc a=a3823112192
la sennal es: a=a         4
la sennal es: a=a         x
Funct: 111110, ALUControl: 0000
sennal, desde ff pc a=a         8
sennal, desde ff pc a=a3818921986
la sennal es: a=a         8
la sennal es: a=a         Z
Funct: 111010, ALUControl: 0000
sennal, desde ff pc a=a        12
sennal, desde ff pc a=a3959501857
la sennal es: a=a        12
la sennal es: a=a         Z
la sennal es: a=a4294967295
sennal, desde ff pc a=a        16
sennal, desde ff pc a=a3976291586
la sennal es: a=a        16
la sennal es: a=a         Z
sennal, desde ff pc a=a        20
sennal, desde ff pc a=a3762581510
la sennal es: a=a        20
la sennal es: a=a         Z
la sennal es: a=a         Z
Funct: 000100, ALUControl: 0000
la sennal es: a=a4294967294
sennal, desde ff pc a=a        24
sennal, desde ff pc a=a3766845443
la sennal es: a=a        24
la sennal es: a=a         Z
la sennal es: a=a         Z
Funct: 001000, ALUControl: 0000
la sennal es: a=a4294967295
sennal, desde ff pc a=a        28
sennal, desde ff pc a=a3780575240
la sennal es: a=a        28
la sennal es: a=a         Z
la sennal es: a=a         Z
Funct: 010101, ALUControl: 0000
la sennal es: a=a         0
sennal, desde ff pc a=a         Z
sennal, desde ff pc a=a        32
sennal, desde ff pc a=a 167772160
la sennal es: a=a        32
la sennal es: a=a         Z
la sennal es: a=a         x
sennal, desde ff pc a=a        36
sennal, desde ff pc a=a3925868550
la sennal es: a=a        36
la sennal es: a=a         Z
sennal, desde ff pc a=a        40
sennal, desde ff pc a=a3977336322
la sennal es: a=a        40
la sennal es: a=a         Z
la sennal es: a=a         Z
la sennal es: a=a4294967295
sennal, desde ff pc a=a        44
sennal, desde ff pc a=a3120562176
la sennal es: a=a        44
la sennal es: a=a         Z
la sennal es: a=a         x
sennal, desde ff pc a=a        48
sennal, desde ff pc a=a3925868547
la sennal es: a=a        48
la sennal es: a=a         Z
sennal, desde ff pc a=a        52
sennal, desde ff pc a=a3818918146
la sennal es: a=a        52
la sennal es: a=a         Z
Funct: 111010, ALUControl: 0000
la sennal es: a=a         0
sennal, desde ff pc a=a        56
sennal, desde ff pc a=a3960617473
la sennal es: a=a        56
la sennal es: a=a         Z
la sennal es: a=a         Z
la sennal es: a=a         2
sennal, desde ff pc a=a        60
sennal, desde ff pc a=a 201995168
la sennal es: a=a        60
la sennal es: a=a         Z
la sennal es: a=a         Z
la sennal es: a=a         1
sennal, desde ff pc a=a        64
sennal, desde ff pc a=a3925868544
la sennal es: a=a        64
la sennal es: a=a         Z
la sennal es: a=a         x
sennal, desde ff pc a=a        68
sennal, desde ff pc a=a3818954752
la sennal es: a=a        68
Funct: 111010, ALUControl: 0000
la sennal es: a=a         0
sennal, desde ff pc a=a        72
sennal, desde ff pc a=a         x
la sennal es: a=a        72
la sennal es: a=a         X
la sennal es: a=a         x
sennal, desde ff pc a=a        76
la sennal es: a=a        76
sennal, desde ff pc a=a        80
la sennal es: a=a        80
sennal, desde ff pc a=a        84
la sennal es: a=a        84
sennal, desde ff pc a=a        88
la sennal es: a=a        88
sennal, desde ff pc a=a        92
la sennal es: a=a        92
sennal, desde ff pc a=a        96
la sennal es: a=a        96
sennal, desde ff pc a=a       100
la sennal es: a=a       100
sennal, desde ff pc a=a       104
la sennal es: a=a       104
